Performing C++ SOURCE FILE Test COMPILER_SUPPORT_Wshorten64to32 failed with the following output:
Change Dir: /home/ian/TStickProject/sygaldry/sygaldry-instruments/t_stick_synth/build/CMakeFiles/CMakeScratch/TryCompile-PFr6XM

Run Build Command(s):/nix/store/rcakkm09fivblba082qb6jch02926qhq-ninja-1.11.1/bin/ninja cmTC_4ce77 && [1/2] Building CXX object CMakeFiles/cmTC_4ce77.dir/src.cxx.obj
FAILED: CMakeFiles/cmTC_4ce77.dir/src.cxx.obj 
/home/ian/TStickProject/sygaldry/nixenv/esp-idf-tools/tools/xtensa-esp32-elf/esp-12.2.0_20230208/xtensa-esp32-elf/bin/xtensa-esp32-elf-g++ -DCOMPILER_SUPPORT_Wshorten64to32  -mlongcalls -Wno-frame-address  -std=c++03 -pedantic -Wall -Wextra -Wundef -Wcast-align -Wchar-subscripts -Wnon-virtual-dtor -Wunused-local-typedefs -Wpointer-arith -Wwrite-strings -Wformat-security -Werror   -Wshorten-64-to-32 -std=c++20 -o CMakeFiles/cmTC_4ce77.dir/src.cxx.obj -c /home/ian/TStickProject/sygaldry/sygaldry-instruments/t_stick_synth/build/CMakeFiles/CMakeScratch/TryCompile-PFr6XM/src.cxx
xtensa-esp32-elf-g++: error: unrecognized command-line option '-Wshorten-64-to-32'
ninja: build stopped: subcommand failed.


Source file was:
int main() { return 0; }

Performing C++ SOURCE FILE Test COMPILER_SUPPORT_wd981 failed with the following output:
Change Dir: /home/ian/TStickProject/sygaldry/sygaldry-instruments/t_stick_synth/build/CMakeFiles/CMakeScratch/TryCompile-AXLjEO

Run Build Command(s):/nix/store/rcakkm09fivblba082qb6jch02926qhq-ninja-1.11.1/bin/ninja cmTC_5ffb6 && [1/2] Building CXX object CMakeFiles/cmTC_5ffb6.dir/src.cxx.obj
FAILED: CMakeFiles/cmTC_5ffb6.dir/src.cxx.obj 
/home/ian/TStickProject/sygaldry/nixenv/esp-idf-tools/tools/xtensa-esp32-elf/esp-12.2.0_20230208/xtensa-esp32-elf/bin/xtensa-esp32-elf-g++ -DCOMPILER_SUPPORT_wd981  -mlongcalls -Wno-frame-address  -std=c++03 -pedantic -Wall -Wextra -Wundef -Wcast-align -Wchar-subscripts -Wnon-virtual-dtor -Wunused-local-typedefs -Wpointer-arith -Wwrite-strings -Wformat-security -Wlogical-op -Wenum-conversion -Wc++11-extensions -Wdouble-promotion -Wshadow -Wno-psabi -Wno-variadic-macros -Wno-long-long -fno-check-new -fno-common -fstrict-aliasing -Werror   -wd981 -std=c++20 -o CMakeFiles/cmTC_5ffb6.dir/src.cxx.obj -c /home/ian/TStickProject/sygaldry/sygaldry-instruments/t_stick_synth/build/CMakeFiles/CMakeScratch/TryCompile-AXLjEO/src.cxx
xtensa-esp32-elf-g++: error: unrecognized command-line option '-wd981'
ninja: build stopped: subcommand failed.


Source file was:
int main() { return 0; }

Performing C++ SOURCE FILE Test COMPILER_SUPPORT_wd2304 failed with the following output:
Change Dir: /home/ian/TStickProject/sygaldry/sygaldry-instruments/t_stick_synth/build/CMakeFiles/CMakeScratch/TryCompile-oMuHde

Run Build Command(s):/nix/store/rcakkm09fivblba082qb6jch02926qhq-ninja-1.11.1/bin/ninja cmTC_42cc7 && [1/2] Building CXX object CMakeFiles/cmTC_42cc7.dir/src.cxx.obj
FAILED: CMakeFiles/cmTC_42cc7.dir/src.cxx.obj 
/home/ian/TStickProject/sygaldry/nixenv/esp-idf-tools/tools/xtensa-esp32-elf/esp-12.2.0_20230208/xtensa-esp32-elf/bin/xtensa-esp32-elf-g++ -DCOMPILER_SUPPORT_wd2304  -mlongcalls -Wno-frame-address  -std=c++03 -pedantic -Wall -Wextra -Wundef -Wcast-align -Wchar-subscripts -Wnon-virtual-dtor -Wunused-local-typedefs -Wpointer-arith -Wwrite-strings -Wformat-security -Wlogical-op -Wenum-conversion -Wc++11-extensions -Wdouble-promotion -Wshadow -Wno-psabi -Wno-variadic-macros -Wno-long-long -fno-check-new -fno-common -fstrict-aliasing -Werror   -wd2304 -std=c++20 -o CMakeFiles/cmTC_42cc7.dir/src.cxx.obj -c /home/ian/TStickProject/sygaldry/sygaldry-instruments/t_stick_synth/build/CMakeFiles/CMakeScratch/TryCompile-oMuHde/src.cxx
xtensa-esp32-elf-g++: error: unrecognized command-line option '-wd2304'
ninja: build stopped: subcommand failed.


Source file was:
int main() { return 0; }

Performing C++ SOURCE FILE Test COMPILER_SUPPORT_STRICTANSI failed with the following output:
Change Dir: /home/ian/TStickProject/sygaldry/sygaldry-instruments/t_stick_synth/build/CMakeFiles/CMakeScratch/TryCompile-jjxTno

Run Build Command(s):/nix/store/rcakkm09fivblba082qb6jch02926qhq-ninja-1.11.1/bin/ninja cmTC_80833 && [1/2] Building CXX object CMakeFiles/cmTC_80833.dir/src.cxx.obj
FAILED: CMakeFiles/cmTC_80833.dir/src.cxx.obj 
/home/ian/TStickProject/sygaldry/nixenv/esp-idf-tools/tools/xtensa-esp32-elf/esp-12.2.0_20230208/xtensa-esp32-elf/bin/xtensa-esp32-elf-g++ -DCOMPILER_SUPPORT_STRICTANSI  -mlongcalls -Wno-frame-address  -std=c++03 -pedantic -Wall -Wextra -Wundef -Wcast-align -Wchar-subscripts -Wnon-virtual-dtor -Wunused-local-typedefs -Wpointer-arith -Wwrite-strings -Wformat-security -Wlogical-op -Wenum-conversion -Wc++11-extensions -Wdouble-promotion -Wshadow -Wno-psabi -Wno-variadic-macros -Wno-long-long -fno-check-new -fno-common -fstrict-aliasing -Werror   -strict-ansi -std=c++20 -o CMakeFiles/cmTC_80833.dir/src.cxx.obj -c /home/ian/TStickProject/sygaldry/sygaldry-instruments/t_stick_synth/build/CMakeFiles/CMakeScratch/TryCompile-jjxTno/src.cxx
xtensa-esp32-elf-g++: error: unrecognized command-line option '-strict-ansi'; did you mean '-fstrict-enums'?
ninja: build stopped: subcommand failed.


Source file was:
int main() { return 0; }

Performing C++ SOURCE FILE Test COMPILER_SUPPORT_Qunusedarguments failed with the following output:
Change Dir: /home/ian/TStickProject/sygaldry/sygaldry-instruments/t_stick_synth/build/CMakeFiles/CMakeScratch/TryCompile-6T0TzQ

Run Build Command(s):/nix/store/rcakkm09fivblba082qb6jch02926qhq-ninja-1.11.1/bin/ninja cmTC_a5321 && [1/2] Building CXX object CMakeFiles/cmTC_a5321.dir/src.cxx.obj
FAILED: CMakeFiles/cmTC_a5321.dir/src.cxx.obj 
/home/ian/TStickProject/sygaldry/nixenv/esp-idf-tools/tools/xtensa-esp32-elf/esp-12.2.0_20230208/xtensa-esp32-elf/bin/xtensa-esp32-elf-g++ -DCOMPILER_SUPPORT_Qunusedarguments  -mlongcalls -Wno-frame-address  -std=c++03 -pedantic -Wall -Wextra -Wundef -Wcast-align -Wchar-subscripts -Wnon-virtual-dtor -Wunused-local-typedefs -Wpointer-arith -Wwrite-strings -Wformat-security -Wlogical-op -Wenum-conversion -Wc++11-extensions -Wdouble-promotion -Wshadow -Wno-psabi -Wno-variadic-macros -Wno-long-long -fno-check-new -fno-common -fstrict-aliasing -Werror   -Qunused-arguments -std=c++20 -o CMakeFiles/cmTC_a5321.dir/src.cxx.obj -c /home/ian/TStickProject/sygaldry/sygaldry-instruments/t_stick_synth/build/CMakeFiles/CMakeScratch/TryCompile-6T0TzQ/src.cxx
xtensa-esp32-elf-g++: error: unrecognized command-line option '-Qunused-arguments'
ninja: build stopped: subcommand failed.


Source file was:
int main() { return 0; }

Performing C++ SOURCE FILE Test COMPILER_SUPPORT_OPENMP failed with the following output:
Change Dir: /home/ian/TStickProject/sygaldry/sygaldry-instruments/t_stick_synth/build/CMakeFiles/CMakeScratch/TryCompile-Trgrcx

Run Build Command(s):/nix/store/rcakkm09fivblba082qb6jch02926qhq-ninja-1.11.1/bin/ninja cmTC_12e54 && [1/2] Building CXX object CMakeFiles/cmTC_12e54.dir/src.cxx.obj
FAILED: CMakeFiles/cmTC_12e54.dir/src.cxx.obj 
/home/ian/TStickProject/sygaldry/nixenv/esp-idf-tools/tools/xtensa-esp32-elf/esp-12.2.0_20230208/xtensa-esp32-elf/bin/xtensa-esp32-elf-g++ -DCOMPILER_SUPPORT_OPENMP  -mlongcalls -Wno-frame-address  -std=c++03 -pedantic -Wall -Wextra -Wundef -Wcast-align -Wchar-subscripts -Wnon-virtual-dtor -Wunused-local-typedefs -Wpointer-arith -Wwrite-strings -Wformat-security -Wlogical-op -Wenum-conversion -Wc++11-extensions -Wdouble-promotion -Wshadow -Wno-psabi -Wno-variadic-macros -Wno-long-long -fno-check-new -fno-common -fstrict-aliasing -ansi    -fopenmp -std=c++20 -o CMakeFiles/cmTC_12e54.dir/src.cxx.obj -c /home/ian/TStickProject/sygaldry/sygaldry-instruments/t_stick_synth/build/CMakeFiles/CMakeScratch/TryCompile-Trgrcx/src.cxx
xtensa-esp32-elf-g++: error: unrecognized command-line option '-pthread'
ninja: build stopped: subcommand failed.


Source file was:
int main() { return 0; }

Looking for a Fortran compiler failed with the following output:
-- The Fortran compiler identification is unknown
CMake Error at CMakeLists.txt:2 (project):
  No CMAKE_Fortran_COMPILER could be found.

  Tell CMake where to find the compiler by setting either the environment
  variable "FC" or the CMake cache entry CMAKE_Fortran_COMPILER to the full
  path to the compiler, or to the compiler name if it is in the PATH.


-- Configuring incomplete, errors occurred!
See also "/home/ian/TStickProject/sygaldry/sygaldry-instruments/t_stick_synth/build/esp-idf/main/sygbuild/dependencies/eigen/test/CMakeFiles/CheckFortran/CMakeFiles/CMakeOutput.log".
See also "/home/ian/TStickProject/sygaldry/sygaldry-instruments/t_stick_synth/build/esp-idf/main/sygbuild/dependencies/eigen/test/CMakeFiles/CheckFortran/CMakeFiles/CMakeError.log".

Performing C SOURCE FILE Test CMAKE_HAVE_LIBC_PTHREAD failed with the following output:
Change Dir: /home/ian/TStickProject/sygaldry/sygaldry-instruments/t_stick_synth/build/CMakeFiles/CMakeScratch/TryCompile-vMTib8

Run Build Command(s):/nix/store/rcakkm09fivblba082qb6jch02926qhq-ninja-1.11.1/bin/ninja cmTC_fbbc2 && [1/2] Building C object CMakeFiles/cmTC_fbbc2.dir/src.c.obj
[2/2] Linking C executable cmTC_fbbc2
FAILED: cmTC_fbbc2 
: && /home/ian/TStickProject/sygaldry/nixenv/esp-idf-tools/tools/xtensa-esp32-elf/esp-12.2.0_20230208/xtensa-esp32-elf/bin/xtensa-esp32-elf-gcc -mlongcalls -Wno-frame-address  CMakeFiles/cmTC_fbbc2.dir/src.c.obj -o cmTC_fbbc2   && :
/home/ian/TStickProject/sygaldry/nixenv/esp-idf-tools/tools/xtensa-esp32-elf/esp-12.2.0_20230208/xtensa-esp32-elf/bin/../lib/gcc/xtensa-esp32-elf/12.2.0/../../../../xtensa-esp32-elf/bin/ld: CMakeFiles/cmTC_fbbc2.dir/src.c.obj:(.literal+0x10): warning: pthread_join is not implemented and will always fail
/home/ian/TStickProject/sygaldry/nixenv/esp-idf-tools/tools/xtensa-esp32-elf/esp-12.2.0_20230208/xtensa-esp32-elf/bin/../lib/gcc/xtensa-esp32-elf/12.2.0/../../../../xtensa-esp32-elf/bin/ld: CMakeFiles/cmTC_fbbc2.dir/src.c.obj:(.literal+0x18): warning: pthread_exit is not implemented and will always fail
/home/ian/TStickProject/sygaldry/nixenv/esp-idf-tools/tools/xtensa-esp32-elf/esp-12.2.0_20230208/xtensa-esp32-elf/bin/../lib/gcc/xtensa-esp32-elf/12.2.0/../../../../xtensa-esp32-elf/bin/ld: CMakeFiles/cmTC_fbbc2.dir/src.c.obj:(.literal+0x8): warning: pthread_detach is not implemented and will always fail
/home/ian/TStickProject/sygaldry/nixenv/esp-idf-tools/tools/xtensa-esp32-elf/esp-12.2.0_20230208/xtensa-esp32-elf/bin/../lib/gcc/xtensa-esp32-elf/12.2.0/../../../../xtensa-esp32-elf/bin/ld: CMakeFiles/cmTC_fbbc2.dir/src.c.obj:(.literal+0x4): warning: pthread_create is not implemented and will always fail
/home/ian/TStickProject/sygaldry/nixenv/esp-idf-tools/tools/xtensa-esp32-elf/esp-12.2.0_20230208/xtensa-esp32-elf/bin/../lib/gcc/xtensa-esp32-elf/12.2.0/../../../../xtensa-esp32-elf/bin/ld: CMakeFiles/cmTC_fbbc2.dir/src.c.obj:(.literal+0xc): warning: pthread_cancel is not implemented and will always fail
/home/ian/TStickProject/sygaldry/nixenv/esp-idf-tools/tools/xtensa-esp32-elf/esp-12.2.0_20230208/xtensa-esp32-elf/bin/../lib/gcc/xtensa-esp32-elf/12.2.0/../../../../xtensa-esp32-elf/bin/ld: CMakeFiles/cmTC_fbbc2.dir/src.c.obj:(.literal+0x4): undefined reference to `pthread_atfork'
/home/ian/TStickProject/sygaldry/nixenv/esp-idf-tools/tools/xtensa-esp32-elf/esp-12.2.0_20230208/xtensa-esp32-elf/bin/../lib/gcc/xtensa-esp32-elf/12.2.0/../../../../xtensa-esp32-elf/bin/ld: CMakeFiles/cmTC_fbbc2.dir/src.c.obj: in function `main':
src.c:(.text+0x3f): undefined reference to `pthread_atfork'
collect2: error: ld returned 1 exit status
ninja: build stopped: subcommand failed.


Source file was:
#include <pthread.h>

static void* test_func(void* data)
{
  return data;
}

int main(void)
{
  pthread_t thread;
  pthread_create(&thread, NULL, test_func, NULL);
  pthread_detach(thread);
  pthread_cancel(thread);
  pthread_join(thread, NULL);
  pthread_atfork(NULL, NULL, NULL);
  pthread_exit(NULL);

  return 0;
}


Determining if the function pthread_create exists in the pthreads failed with the following output:
Change Dir: /home/ian/TStickProject/sygaldry/sygaldry-instruments/t_stick_synth/build/CMakeFiles/CMakeScratch/TryCompile-eg8tu3

Run Build Command(s):/nix/store/rcakkm09fivblba082qb6jch02926qhq-ninja-1.11.1/bin/ninja cmTC_eb0ad && [1/2] Building C object CMakeFiles/cmTC_eb0ad.dir/CheckFunctionExists.c.obj
[2/2] Linking C executable cmTC_eb0ad
FAILED: cmTC_eb0ad 
: && /home/ian/TStickProject/sygaldry/nixenv/esp-idf-tools/tools/xtensa-esp32-elf/esp-12.2.0_20230208/xtensa-esp32-elf/bin/xtensa-esp32-elf-gcc -mlongcalls -Wno-frame-address  -DCHECK_FUNCTION_EXISTS=pthread_create  CMakeFiles/cmTC_eb0ad.dir/CheckFunctionExists.c.obj -o cmTC_eb0ad  -lpthreads && :
/home/ian/TStickProject/sygaldry/nixenv/esp-idf-tools/tools/xtensa-esp32-elf/esp-12.2.0_20230208/xtensa-esp32-elf/bin/../lib/gcc/xtensa-esp32-elf/12.2.0/../../../../xtensa-esp32-elf/bin/ld: cannot find -lpthreads: No such file or directory
/home/ian/TStickProject/sygaldry/nixenv/esp-idf-tools/tools/xtensa-esp32-elf/esp-12.2.0_20230208/xtensa-esp32-elf/bin/../lib/gcc/xtensa-esp32-elf/12.2.0/../../../../xtensa-esp32-elf/bin/ld: CMakeFiles/cmTC_eb0ad.dir/CheckFunctionExists.c.obj:(.literal+0x0): warning: pthread_create is not implemented and will always fail
collect2: error: ld returned 1 exit status
ninja: build stopped: subcommand failed.



Determining if the function pthread_create exists in the pthread failed with the following output:
Change Dir: /home/ian/TStickProject/sygaldry/sygaldry-instruments/t_stick_synth/build/CMakeFiles/CMakeScratch/TryCompile-xNgFIn

Run Build Command(s):/nix/store/rcakkm09fivblba082qb6jch02926qhq-ninja-1.11.1/bin/ninja cmTC_e26c9 && [1/2] Building C object CMakeFiles/cmTC_e26c9.dir/CheckFunctionExists.c.obj
[2/2] Linking C executable cmTC_e26c9
FAILED: cmTC_e26c9 
: && /home/ian/TStickProject/sygaldry/nixenv/esp-idf-tools/tools/xtensa-esp32-elf/esp-12.2.0_20230208/xtensa-esp32-elf/bin/xtensa-esp32-elf-gcc -mlongcalls -Wno-frame-address  -DCHECK_FUNCTION_EXISTS=pthread_create  CMakeFiles/cmTC_e26c9.dir/CheckFunctionExists.c.obj -o cmTC_e26c9  -lpthread && :
/home/ian/TStickProject/sygaldry/nixenv/esp-idf-tools/tools/xtensa-esp32-elf/esp-12.2.0_20230208/xtensa-esp32-elf/bin/../lib/gcc/xtensa-esp32-elf/12.2.0/../../../../xtensa-esp32-elf/bin/ld: cannot find -lpthread: No such file or directory
/home/ian/TStickProject/sygaldry/nixenv/esp-idf-tools/tools/xtensa-esp32-elf/esp-12.2.0_20230208/xtensa-esp32-elf/bin/../lib/gcc/xtensa-esp32-elf/12.2.0/../../../../xtensa-esp32-elf/bin/ld: CMakeFiles/cmTC_e26c9.dir/CheckFunctionExists.c.obj:(.literal+0x0): warning: pthread_create is not implemented and will always fail
collect2: error: ld returned 1 exit status
ninja: build stopped: subcommand failed.



Determining if compiler accepts -pthread failed with the following output:
Change Dir: /home/ian/TStickProject/sygaldry/sygaldry-instruments/t_stick_synth/build/CMakeFiles/CMakeScratch/TryCompile-JcmG8M

Run Build Command(s):/nix/store/rcakkm09fivblba082qb6jch02926qhq-ninja-1.11.1/bin/ninja cmTC_8b0ac && [1/2] Building C object CMakeFiles/cmTC_8b0ac.dir/CheckForPthreads.c.obj
[2/2] Linking C executable cmTC_8b0ac
FAILED: cmTC_8b0ac 
: && /home/ian/TStickProject/sygaldry/nixenv/esp-idf-tools/tools/xtensa-esp32-elf/esp-12.2.0_20230208/xtensa-esp32-elf/bin/xtensa-esp32-elf-gcc -mlongcalls -Wno-frame-address  CMakeFiles/cmTC_8b0ac.dir/CheckForPthreads.c.obj -o cmTC_8b0ac  -pthread && :
xtensa-esp32-elf-gcc: error: unrecognized command-line option '-pthread'
ninja: build stopped: subcommand failed.



